2024-11-16 03:45:39,693 - main - INFO - SECURITY_EVENT: logger_init - Logger initialized for main
2024-11-16 03:45:40,031 - main - INFO - SECURITY_EVENT: ca_init - Certification Authority initialized
2024-11-16 03:45:40,037 - main - INFO - SECURITY_EVENT: thread_start - Codemaster thread started
2024-11-16 03:45:40,038 - main - INFO - SECURITY_EVENT: thread_start - Player 1 thread started
2024-11-16 03:45:40,040 - main - INFO - SECURITY_EVENT: thread_start - Player 2 thread started
2024-11-16 03:45:40,269 - CA - INFO - User codemaster registered successfully
2024-11-16 03:45:40,270 - codemaster - INFO - SECURITY_EVENT: logger_init - Logger initialized for codemaster
2024-11-16 03:45:40,270 - main - ERROR - SECURITY_ERROR: codemaster_error - name 'random' is not defined
2024-11-16 03:45:41,044 - main - ERROR - SECURITY_ERROR: player_error - Player 2: [Errno 61] Connection refused
2024-11-16 03:45:41,044 - main - ERROR - SECURITY_ERROR: player_error - Player 1: [Errno 61] Connection refused
2024-11-16 03:45:41,046 - main - INFO - SECURITY_EVENT: shutdown - Game shutdown complete
2024-11-16 03:45:54,884 - main - INFO - SECURITY_EVENT: logger_init - Logger initialized for main
2024-11-16 03:45:55,000 - main - INFO - SECURITY_EVENT: ca_init - Certification Authority initialized
2024-11-16 03:45:55,000 - main - INFO - SECURITY_EVENT: thread_start - Codemaster thread started
2024-11-16 03:45:55,001 - main - INFO - SECURITY_EVENT: thread_start - Player 1 thread started
2024-11-16 03:45:55,417 - CA - INFO - User Player 1 registered successfully
2024-11-16 03:45:55,590 - CA - INFO - User Player 2 registered successfully
2024-11-16 03:45:55,592 - CA - INFO - User codemaster registered successfully
2024-11-16 03:45:55,003 - main - INFO - SECURITY_EVENT: thread_start - Player 2 thread started
2024-11-16 03:45:55,593 - player_Player 2 - INFO - SECURITY_EVENT: logger_init - Logger initialized for player_Player 2
2024-11-16 03:45:55,593 - codemaster - INFO - SECURITY_EVENT: logger_init - Logger initialized for codemaster
2024-11-16 03:45:55,594 - main - INFO - SECURITY_EVENT: player_init - Player Player 2 initialized
2024-11-16 03:45:55,594 - player_Player 1 - INFO - SECURITY_EVENT: logger_init - Logger initialized for player_Player 1
2024-11-16 03:45:55,594 - main - ERROR - SECURITY_ERROR: codemaster_error - name 'random' is not defined
2024-11-16 03:45:55,595 - main - INFO - SECURITY_EVENT: player_init - Player Player 1 initialized
2024-11-16 03:45:55,597 - player_Player 2 - ERROR - SECURITY_ERROR: handshake_failed - [Errno 54] Connection reset by peer
2024-11-16 03:45:55,597 - player_Player 1 - ERROR - SECURITY_ERROR: handshake_failed - [Errno 54] Connection reset by peer
2024-11-16 03:45:55,600 - player_Player 2 - ERROR - SECURITY_ERROR: connection_failed - Failed to establish secure connection
2024-11-16 03:45:55,600 - player_Player 1 - ERROR - SECURITY_ERROR: connection_failed - Failed to establish secure connection
2024-11-16 03:45:55,601 - player_Player 2 - INFO - SECURITY_EVENT: session_end - Player Player 2 disconnected
2024-11-16 03:45:55,601 - player_Player 1 - INFO - SECURITY_EVENT: session_end - Player Player 1 disconnected
2024-11-16 03:45:55,601 - main - INFO - SECURITY_EVENT: shutdown - Game shutdown complete
2024-11-16 03:47:47,974 - main - INFO - SECURITY_EVENT: logger_init - Logger initialized for main
2024-11-16 03:47:48,128 - main - INFO - SECURITY_EVENT: ca_init - Certification Authority initialized
2024-11-16 03:47:48,128 - main - INFO - SECURITY_EVENT: thread_start - Codemaster thread started
2024-11-16 03:47:48,473 - CA - INFO - User codemaster registered successfully
2024-11-16 03:47:48,474 - codemaster - INFO - SECURITY_EVENT: logger_init - Logger initialized for codemaster
2024-11-16 03:47:48,474 - main - INFO - SECURITY_EVENT: codemaster_init - Codemaster initialized with sequence
2024-11-16 03:47:49,133 - main - INFO - SECURITY_EVENT: thread_start - Player 1 thread started
2024-11-16 03:47:50,005 - CA - INFO - User Player 1 registered successfully
2024-11-16 03:47:50,005 - main - INFO - SECURITY_EVENT: thread_start - Player 2 thread started
2024-11-16 03:47:50,003 - codemaster - ERROR - SECURITY_ERROR: handshake_failed - a bytes-like object is required, not 'cryptography.hazmat.bindings._rust.x509.Certificate'
2024-11-16 03:47:50,006 - codemaster - INFO - SECURITY_EVENT: player_disconnect - Player at ('127.0.0.1', 57894) disconnected
2024-11-16 03:47:50,006 - player_Player 1 - INFO - SECURITY_EVENT: logger_init - Logger initialized for player_Player 1
2024-11-16 03:47:50,007 - main - INFO - SECURITY_EVENT: player_init - Player Player 1 initialized
2024-11-16 03:47:50,007 - codemaster - INFO - SECURITY_EVENT: player_disconnect - Player at ('127.0.0.1', 57894) disconnected
2024-11-16 03:47:50,293 - CA - INFO - User Player 2 registered successfully
2024-11-16 03:47:50,294 - CA - ERROR - Certificate verification failed: 'bytes' object has no attribute 'serial_number'
2024-11-16 03:47:50,294 - codemaster - ERROR - SECURITY_ERROR: handshake_failed - a bytes-like object is required, not 'cryptography.hazmat.bindings._rust.x509.Certificate'
2024-11-16 03:47:50,294 - player_Player 1 - ERROR - SECURITY_ERROR: connection_failed - Failed to establish secure connection
2024-11-16 03:47:50,295 - player_Player 2 - INFO - SECURITY_EVENT: logger_init - Logger initialized for player_Player 2
2024-11-16 03:47:50,295 - player_Player 1 - INFO - SECURITY_EVENT: session_end - Player Player 1 disconnected
2024-11-16 03:47:50,295 - codemaster - INFO - SECURITY_EVENT: player_disconnect - Player at ('127.0.0.1', 57895) disconnected
2024-11-16 03:47:50,296 - main - INFO - SECURITY_EVENT: player_init - Player Player 2 initialized
2024-11-16 03:47:50,296 - codemaster - INFO - SECURITY_EVENT: player_disconnect - Player at ('127.0.0.1', 57895) disconnected
2024-11-16 03:47:54,515 - main - INFO - SECURITY_EVENT: shutdown - Game shutdown complete
2024-11-16 03:50:07,785 - main - INFO - SECURITY_EVENT: logger_init - Logger initialized for main
2024-11-16 03:50:07,876 - main - INFO - SECURITY_EVENT: ca_init - Certification Authority initialized
2024-11-16 03:50:08,065 - CA - INFO - User codemaster registered successfully
2024-11-16 03:50:08,066 - codemaster - INFO - SECURITY_EVENT: logger_init - Logger initialized for codemaster
2024-11-16 03:50:08,066 - main - INFO - SECURITY_EVENT: codemaster_init - Codemaster initialized with sequence
2024-11-16 04:09:30,331 - codemaster - ERROR - SECURITY_ERROR: handshake_failed - a bytes-like object is required, not 'cryptography.hazmat.bindings._rust.x509.Certificate'
2024-11-16 04:09:30,331 - codemaster - INFO - SECURITY_EVENT: player_disconnect - Player at ('127.0.0.1', 58194) disconnected
2024-11-16 04:09:30,331 - codemaster - INFO - SECURITY_EVENT: player_disconnect - Player at ('127.0.0.1', 58194) disconnected
2024-11-16 04:11:33,012 - codemaster - ERROR - SECURITY_ERROR: handshake_failed - a bytes-like object is required, not 'cryptography.hazmat.bindings._rust.x509.Certificate'
2024-11-16 04:11:33,012 - codemaster - INFO - SECURITY_EVENT: player_disconnect - Player at ('127.0.0.1', 58214) disconnected
2024-11-16 04:11:33,013 - codemaster - INFO - SECURITY_EVENT: player_disconnect - Player at ('127.0.0.1', 58214) disconnected
2024-11-16 04:11:53,446 - codemaster - ERROR - SECURITY_ERROR: handshake_failed - a bytes-like object is required, not 'cryptography.hazmat.bindings._rust.x509.Certificate'
2024-11-16 04:11:53,446 - codemaster - INFO - SECURITY_EVENT: player_disconnect - Player at ('127.0.0.1', 58217) disconnected
2024-11-16 04:11:53,446 - codemaster - INFO - SECURITY_EVENT: player_disconnect - Player at ('127.0.0.1', 58217) disconnected
2024-11-16 04:13:48,517 - main - INFO - SECURITY_EVENT: shutdown - Game shutdown initiated
2024-11-16 04:13:50,518 - main - INFO - SECURITY_EVENT: shutdown - Game shutdown complete
2024-11-16 04:14:41,322 - main - INFO - SECURITY_EVENT: logger_init - Logger initialized for main
2024-11-16 04:14:41,564 - main - INFO - SECURITY_EVENT: ca_init - Certification Authority initialized
2024-11-16 04:14:41,820 - CA - INFO - User codemaster registered successfully
2024-11-16 04:14:41,821 - codemaster - INFO - SECURITY_EVENT: logger_init - Logger initialized for codemaster
2024-11-16 04:14:41,821 - main - INFO - SECURITY_EVENT: codemaster_init - Codemaster initialized with sequence
2024-11-16 04:16:19,503 - codemaster - ERROR - SECURITY_ERROR: handshake_failed - name 'serialization' is not defined
2024-11-16 04:16:19,503 - codemaster - INFO - SECURITY_EVENT: player_disconnect - Player at ('127.0.0.1', 58303) disconnected
2024-11-16 04:16:19,503 - codemaster - INFO - SECURITY_EVENT: player_disconnect - Player at ('127.0.0.1', 58303) disconnected
2024-11-16 04:16:22,989 - codemaster - ERROR - SECURITY_ERROR: handshake_failed - name 'serialization' is not defined
2024-11-16 04:16:22,989 - codemaster - INFO - SECURITY_EVENT: player_disconnect - Player at ('127.0.0.1', 58304) disconnected
2024-11-16 04:16:22,989 - codemaster - INFO - SECURITY_EVENT: player_disconnect - Player at ('127.0.0.1', 58304) disconnected
2024-11-18 15:42:04,839 - main - INFO - SECURITY_EVENT: logger_init - Logger initialized for main
2024-11-18 15:42:04,868 - main - INFO - SECURITY_EVENT: ca_init - Certification Authority initialized
2024-11-18 15:42:04,904 - CA - INFO - User codemaster registered successfully
2024-11-18 15:42:04,905 - codemaster - INFO - SECURITY_EVENT: logger_init - Logger initialized for codemaster
2024-11-18 15:42:04,905 - main - INFO - SECURITY_EVENT: codemaster_init - Codemaster initialized with sequence
2024-11-18 15:42:21,961 - main - INFO - SECURITY_EVENT: shutdown - Game shutdown initiated
2024-11-18 15:42:23,968 - main - INFO - SECURITY_EVENT: shutdown - Game shutdown complete
2024-11-18 15:44:29,676 - main - INFO - SECURITY_EVENT: logger_init - Logger initialized for main
2024-11-18 15:44:29,722 - main - INFO - SECURITY_EVENT: ca_init - Certification Authority initialized
2024-11-18 15:44:29,764 - CA - INFO - User codemaster registered successfully
2024-11-18 15:44:29,765 - codemaster - INFO - SECURITY_EVENT: logger_init - Logger initialized for codemaster
2024-11-18 15:44:29,766 - main - INFO - SECURITY_EVENT: codemaster_init - Codemaster initialized with sequence
2024-11-18 15:44:42,804 - main - INFO - SECURITY_EVENT: shutdown - Game shutdown initiated
2024-11-18 15:44:44,820 - main - INFO - SECURITY_EVENT: shutdown - Game shutdown complete
2024-11-21 16:17:17,798 - main - INFO - SECURITY_EVENT: logger_init - Logger initialized for main
2024-11-21 16:17:17,828 - main - INFO - SECURITY_EVENT: ca_init - Certification Authority initialized
2024-11-21 16:17:17,849 - CA - INFO - User codemaster registered successfully
2024-11-21 16:17:17,850 - codemaster - INFO - SECURITY_EVENT: logger_init - Logger initialized for codemaster
2024-11-21 16:17:17,915 - main - INFO - SECURITY_EVENT: codemaster_init - Codemaster initialized with sequence
2024-11-21 16:18:14,279 - codemaster - ERROR - SECURITY_ERROR: handshake_failed - name 'serialization' is not defined
2024-11-21 16:18:14,280 - codemaster - INFO - SECURITY_EVENT: player_disconnect - Player at ('127.0.0.1', 49521) disconnected
2024-11-21 16:18:14,280 - codemaster - INFO - SECURITY_EVENT: player_disconnect - Player at ('127.0.0.1', 49521) disconnected
2024-11-21 16:18:54,787 - main - INFO - SECURITY_EVENT: shutdown - Game shutdown initiated
2024-11-21 16:18:56,793 - main - INFO - SECURITY_EVENT: shutdown - Game shutdown complete
2024-11-21 16:24:24,089 - main - INFO - SECURITY_EVENT: logger_init - Logger initialized for main
2024-11-21 16:24:24,123 - main - INFO - SECURITY_EVENT: ca_init - Certification Authority initialized
2024-11-21 16:24:24,156 - CA - INFO - User codemaster registered successfully
2024-11-21 16:24:24,157 - codemaster - INFO - SECURITY_EVENT: logger_init - Logger initialized for codemaster
2024-11-21 16:24:24,218 - main - INFO - SECURITY_EVENT: codemaster_init - Codemaster initialized with sequence
2024-11-21 16:24:28,677 - codemaster - ERROR - SECURITY_ERROR: handshake_failed - Object of type bytes is not JSON serializable
2024-11-21 16:24:28,698 - codemaster - INFO - SECURITY_EVENT: player_disconnect - Player at ('127.0.0.1', 49594) disconnected
2024-11-21 16:24:28,698 - codemaster - INFO - SECURITY_EVENT: player_disconnect - Player at ('127.0.0.1', 49594) disconnected
2024-11-21 16:31:06,821 - main - INFO - SECURITY_EVENT: shutdown - Game shutdown initiated
2024-11-21 16:31:08,825 - main - INFO - SECURITY_EVENT: shutdown - Game shutdown complete
2024-11-21 16:31:14,398 - main - INFO - SECURITY_EVENT: logger_init - Logger initialized for main
2024-11-21 16:31:14,433 - main - INFO - SECURITY_EVENT: ca_init - Certification Authority initialized
2024-11-21 16:31:14,479 - CA - INFO - User codemaster registered successfully
2024-11-21 16:31:14,480 - codemaster - INFO - SECURITY_EVENT: logger_init - Logger initialized for codemaster
2024-11-21 16:31:14,583 - main - INFO - SECURITY_EVENT: codemaster_init - Codemaster initialized with sequence
2024-11-21 16:31:21,067 - session_d710818db7f327d04e7a40006e176f4e - INFO - Session created: d710818db7f327d04e7a40006e176f4e
2024-11-21 16:31:21,069 - codemaster - ERROR - SECURITY_ERROR: player_handler_error - 0
2024-11-21 16:31:21,070 - codemaster - INFO - SECURITY_EVENT: player_disconnect - Player at ('127.0.0.1', 49646) disconnected
2024-11-21 16:41:06,882 - main - INFO - SECURITY_EVENT: shutdown - Game shutdown initiated
2024-11-21 16:41:08,888 - main - INFO - SECURITY_EVENT: shutdown - Game shutdown complete
2024-11-21 16:41:13,068 - main - INFO - SECURITY_EVENT: logger_init - Logger initialized for main
2024-11-21 16:41:13,069 - main - INFO - SECURITY_EVENT: security_init - Security components initialized
2024-11-21 16:41:13,169 - codemaster - INFO - SECURITY_EVENT: logger_init - Logger initialized for codemaster
2024-11-21 16:41:13,169 - main - ERROR - SECURITY_ERROR: codemaster_error - name 'random' is not defined
2024-11-21 16:41:13,174 - main - INFO - SECURITY_EVENT: shutdown - Game shutdown complete
2024-11-21 16:41:32,457 - main - INFO - SECURITY_EVENT: logger_init - Logger initialized for main
2024-11-21 16:41:32,457 - main - INFO - SECURITY_EVENT: security_init - Security components initialized
2024-11-21 16:41:32,510 - codemaster - INFO - SECURITY_EVENT: logger_init - Logger initialized for codemaster
2024-11-21 16:41:32,511 - main - INFO - SECURITY_EVENT: codemaster_init - Codemaster initialized with sequence
2024-11-21 16:41:54,027 - session_919fb0562ab47ca9b0650b1a680d2033 - INFO - Session created: 919fb0562ab47ca9b0650b1a680d2033
2024-11-21 16:41:54,027 - codemaster - ERROR - SECURITY_ERROR: player_handler_error - Codemaster.setup_secure_channel() missing 1 required positional argument: 'player_public_key'
2024-11-21 16:41:54,028 - codemaster - INFO - SECURITY_EVENT: player_disconnect - Player at ('127.0.0.1', 49795) disconnected
2024-11-21 16:42:13,832 - main - INFO - SECURITY_EVENT: shutdown - Game shutdown initiated
2024-11-21 16:42:15,832 - main - INFO - SECURITY_EVENT: shutdown - Game shutdown complete
2024-11-21 16:43:21,432 - main - INFO - SECURITY_EVENT: logger_init - Logger initialized for main
2024-11-21 16:43:21,432 - main - INFO - SECURITY_EVENT: security_init - Security components initialized
2024-11-21 16:43:21,457 - codemaster - INFO - SECURITY_EVENT: logger_init - Logger initialized for codemaster
2024-11-21 16:43:21,458 - main - INFO - SECURITY_EVENT: codemaster_init - Codemaster initialized with sequence
2024-11-21 16:43:34,194 - codemaster - ERROR - SECURITY_ERROR: player_handler_error - Unable to load PEM file. See https://cryptography.io/en/latest/faq/#why-can-t-i-import-my-pem-file for more details. MalformedFraming
2024-11-21 16:43:34,197 - codemaster - INFO - SECURITY_EVENT: player_disconnect - Player at ('127.0.0.1', 49828) disconnected
2024-11-21 16:46:44,196 - main - INFO - SECURITY_EVENT: shutdown - Game shutdown initiated
2024-11-21 16:46:46,202 - main - INFO - SECURITY_EVENT: shutdown - Game shutdown complete
2024-11-21 16:46:47,474 - main - INFO - SECURITY_EVENT: logger_init - Logger initialized for main
2024-11-21 16:46:47,475 - main - INFO - SECURITY_EVENT: security_init - Security components initialized
2024-11-21 16:46:47,513 - codemaster - INFO - SECURITY_EVENT: logger_init - Logger initialized for codemaster
2024-11-21 16:46:47,514 - main - INFO - SECURITY_EVENT: codemaster_init - Codemaster initialized with sequence
2024-11-21 16:52:58,050 - codemaster - ERROR - SECURITY_ERROR: player_handler_error - Unable to load PEM file. See https://cryptography.io/en/latest/faq/#why-can-t-i-import-my-pem-file for more details. MalformedFraming
2024-11-21 16:52:58,053 - codemaster - INFO - SECURITY_EVENT: player_disconnect - Player at ('127.0.0.1', 49878) disconnected
2024-11-21 16:53:24,009 - codemaster - ERROR - SECURITY_ERROR: player_handler_error - Unable to load PEM file. See https://cryptography.io/en/latest/faq/#why-can-t-i-import-my-pem-file for more details. MalformedFraming
2024-11-21 16:53:24,012 - codemaster - INFO - SECURITY_EVENT: player_disconnect - Player at ('127.0.0.1', 49868) disconnected
2024-11-21 16:55:01,234 - main - INFO - SECURITY_EVENT: shutdown - Game shutdown initiated
2024-11-21 16:55:03,237 - main - INFO - SECURITY_EVENT: shutdown - Game shutdown complete
2024-11-21 16:55:06,247 - main - INFO - SECURITY_EVENT: logger_init - Logger initialized for main
2024-11-21 16:55:06,248 - main - INFO - SECURITY_EVENT: security_init - Security components initialized
2024-11-21 16:55:06,282 - codemaster - INFO - SECURITY_EVENT: logger_init - Logger initialized for codemaster
2024-11-21 16:55:06,284 - main - INFO - SECURITY_EVENT: codemaster_init - Codemaster initialized with sequence
2024-11-21 16:55:12,502 - session_a6dc007a69d7359939290b4497ffe874 - INFO - Session created: a6dc007a69d7359939290b4497ffe874
2024-11-21 16:55:33,035 - session_0faaa733fc6ea0a9be878008fe28656f - INFO - Session created: 0faaa733fc6ea0a9be878008fe28656f
2024-11-21 16:56:11,854 - main - INFO - SECURITY_EVENT: shutdown - Game shutdown initiated
2024-11-21 16:56:13,858 - main - INFO - SECURITY_EVENT: shutdown - Game shutdown complete
2024-11-21 16:57:03,269 - main - INFO - SECURITY_EVENT: logger_init - Logger initialized for main
2024-11-21 16:57:03,269 - main - INFO - SECURITY_EVENT: security_init - Security components initialized
2024-11-21 16:57:03,364 - codemaster - INFO - SECURITY_EVENT: logger_init - Logger initialized for codemaster
2024-11-21 16:57:03,365 - main - INFO - SECURITY_EVENT: codemaster_init - Codemaster initialized with sequence
2024-11-21 16:57:05,290 - main - INFO - SECURITY_EVENT: shutdown - Game shutdown initiated
2024-11-21 16:57:07,312 - main - INFO - SECURITY_EVENT: shutdown - Game shutdown complete
2024-11-21 16:58:17,047 - main - INFO - SECURITY_EVENT: logger_init - Logger initialized for main
2024-11-21 16:58:17,048 - main - INFO - SECURITY_EVENT: security_init - Security components initialized
2024-11-21 16:58:17,128 - codemaster - INFO - SECURITY_EVENT: logger_init - Logger initialized for codemaster
2024-11-21 16:58:17,130 - main - INFO - SECURITY_EVENT: codemaster_init - Codemaster initialized with sequence
2024-11-21 16:58:35,992 - session_dcde771ed1ed72cf4b008d2e076db1c7 - INFO - Session created: dcde771ed1ed72cf4b008d2e076db1c7
2024-11-21 16:58:42,356 - session_926c05bb54a9f4a4bc4318a21db607b8 - INFO - Session created: 926c05bb54a9f4a4bc4318a21db607b8
2024-11-21 16:59:06,777 - codemaster - ERROR - SECURITY_ERROR: turn_processing_error - Encryption failed: The length of the provided data is not a multiple of the block length.
2024-11-21 17:00:34,310 - main - INFO - SECURITY_EVENT: shutdown - Game shutdown initiated
2024-11-21 17:00:36,316 - main - INFO - SECURITY_EVENT: shutdown - Game shutdown complete
2024-11-21 17:00:38,955 - main - INFO - SECURITY_EVENT: logger_init - Logger initialized for main
2024-11-21 17:00:38,955 - main - INFO - SECURITY_EVENT: security_init - Security components initialized
2024-11-21 17:00:38,988 - codemaster - INFO - SECURITY_EVENT: logger_init - Logger initialized for codemaster
2024-11-21 17:00:38,989 - main - INFO - SECURITY_EVENT: codemaster_init - Codemaster initialized with sequence
2024-11-21 17:00:42,363 - session_7107862320ecc5c4fbfca0a1afaae9a2 - INFO - Session created: 7107862320ecc5c4fbfca0a1afaae9a2
2024-11-21 17:00:48,070 - session_c6d1233c9125578847b7083ef7950a4b - INFO - Session created: c6d1233c9125578847b7083ef7950a4b
2024-11-21 17:37:27,030 - main - INFO - SECURITY_EVENT: shutdown - Game shutdown initiated
2024-11-21 17:37:29,032 - main - INFO - SECURITY_EVENT: shutdown - Game shutdown complete
2024-11-21 17:37:30,489 - main - INFO - SECURITY_EVENT: logger_init - Logger initialized for main
2024-11-21 17:37:30,490 - main - INFO - SECURITY_EVENT: security_init - Security components initialized
2024-11-21 17:37:30,558 - codemaster - INFO - SECURITY_EVENT: logger_init - Logger initialized for codemaster
2024-11-21 17:37:30,560 - main - INFO - SECURITY_EVENT: codemaster_init - Codemaster initialized with sequence
2024-11-21 17:37:39,585 - main - INFO - SECURITY_EVENT: shutdown - Game shutdown initiated
2024-11-21 17:37:41,591 - main - INFO - SECURITY_EVENT: shutdown - Game shutdown complete
2024-11-21 17:37:44,491 - main - INFO - SECURITY_EVENT: logger_init - Logger initialized for main
2024-11-21 17:37:44,491 - main - INFO - SECURITY_EVENT: security_init - Security components initialized
2024-11-21 17:37:44,520 - codemaster - INFO - SECURITY_EVENT: logger_init - Logger initialized for codemaster
2024-11-21 17:37:44,521 - main - INFO - SECURITY_EVENT: codemaster_init - Codemaster initialized with sequence
2024-11-21 17:37:55,979 - session_49972b832e58ca35c6603ccbb7bbd7bf - INFO - Session created: 49972b832e58ca35c6603ccbb7bbd7bf
2024-11-21 17:38:05,420 - session_9d232ed334a2df66fcf983eaa9b0d69d - INFO - Session created: 9d232ed334a2df66fcf983eaa9b0d69d
2024-11-21 17:38:35,051 - codemaster - ERROR - SECURITY_ERROR: turn_processing_error - Decryption failed: name 'GameSession' is not defined
2024-11-21 17:39:38,972 - codemaster - ERROR - SECURITY_ERROR: turn_processing_error - Decryption failed: name 'GameSession' is not defined
2024-11-21 17:39:44,635 - main - INFO - SECURITY_EVENT: shutdown - Game shutdown initiated
2024-11-21 17:39:46,640 - main - INFO - SECURITY_EVENT: shutdown - Game shutdown complete
2024-11-21 17:41:14,428 - main - INFO - SECURITY_EVENT: logger_init - Logger initialized for main
2024-11-21 17:41:14,428 - main - INFO - SECURITY_EVENT: security_init - Security components initialized
2024-11-21 17:41:14,459 - codemaster - INFO - SECURITY_EVENT: logger_init - Logger initialized for codemaster
2024-11-21 17:41:14,460 - main - INFO - SECURITY_EVENT: codemaster_init - Codemaster initialized with sequence
2024-11-21 17:41:21,266 - session_0038ccb61690e5edc48a31e70644b0ff - INFO - Session created: 0038ccb61690e5edc48a31e70644b0ff
2024-11-21 17:41:23,353 - session_400c1f9b97e95f9998a261c93378313d - INFO - Session created: 400c1f9b97e95f9998a261c93378313d
2024-11-21 17:41:48,939 - codemaster - ERROR - SECURITY_ERROR: turn_processing_error - 'str' object has no attribute 'decode'
2024-11-21 17:43:00,587 - codemaster - ERROR - SECURITY_ERROR: turn_processing_error - 'str' object has no attribute 'decode'
2024-11-21 17:43:03,370 - main - INFO - SECURITY_EVENT: shutdown - Game shutdown initiated
2024-11-21 17:43:05,379 - main - INFO - SECURITY_EVENT: shutdown - Game shutdown complete
2024-11-21 17:43:08,511 - main - INFO - SECURITY_EVENT: logger_init - Logger initialized for main
2024-11-21 17:43:08,511 - main - INFO - SECURITY_EVENT: security_init - Security components initialized
2024-11-21 17:43:08,540 - codemaster - INFO - SECURITY_EVENT: logger_init - Logger initialized for codemaster
2024-11-21 17:43:08,541 - main - INFO - SECURITY_EVENT: codemaster_init - Codemaster initialized with sequence
2024-11-21 17:43:13,457 - session_07f91e65056a43e864b7d7d42f063269 - INFO - Session created: 07f91e65056a43e864b7d7d42f063269
2024-11-21 17:43:14,879 - session_43bd170ed8abe0e36294f5f3e44f7cc5 - INFO - Session created: 43bd170ed8abe0e36294f5f3e44f7cc5
2024-11-21 17:44:05,341 - session_0e0f675ce111f1715ab3fbdffc02ce2b - INFO - Session created: 0e0f675ce111f1715ab3fbdffc02ce2b
2024-11-21 17:44:55,537 - main - INFO - SECURITY_EVENT: shutdown - Game shutdown initiated
2024-11-21 17:44:55,538 - main - INFO - SECURITY_EVENT: shutdown - Game shutdown complete
2024-11-21 17:45:09,281 - main - INFO - SECURITY_EVENT: logger_init - Logger initialized for main
2024-11-21 17:45:09,282 - main - INFO - SECURITY_EVENT: security_init - Security components initialized
2024-11-21 17:45:09,336 - codemaster - INFO - SECURITY_EVENT: logger_init - Logger initialized for codemaster
2024-11-21 17:45:09,338 - main - INFO - SECURITY_EVENT: codemaster_init - Codemaster initialized with sequence
2024-11-21 17:45:12,082 - session_3eb3dc022aab02f580fca3f62cd10318 - INFO - Session created: 3eb3dc022aab02f580fca3f62cd10318
2024-11-21 17:45:24,095 - session_d5dbee7defe7318c861c5e683b96d58f - INFO - Session created: d5dbee7defe7318c861c5e683b96d58f
2024-11-21 17:46:10,164 - codemaster - ERROR - SECURITY_ERROR: broadcast_failed - [WinError 10053] An established connection was aborted by the software in your host machine
2024-11-21 17:46:10,164 - codemaster - INFO - SECURITY_EVENT: player_disconnect - Player at ('127.0.0.1', 50309) disconnected
2024-11-21 17:46:10,165 - codemaster - INFO - SECURITY_EVENT: player_disconnect - Player at ('127.0.0.1', 50310) disconnected
2024-11-21 17:47:01,334 - main - INFO - SECURITY_EVENT: shutdown - Game shutdown initiated
2024-11-21 17:47:03,347 - main - INFO - SECURITY_EVENT: shutdown - Game shutdown complete
2024-11-21 17:49:08,731 - main - INFO - SECURITY_EVENT: logger_init - Logger initialized for main
2024-11-21 17:49:08,731 - main - INFO - SECURITY_EVENT: security_init - Security components initialized
2024-11-21 17:49:08,818 - codemaster - INFO - SECURITY_EVENT: logger_init - Logger initialized for codemaster
2024-11-21 17:49:08,819 - main - INFO - SECURITY_EVENT: codemaster_init - Codemaster initialized with sequence
2024-11-21 17:49:17,035 - session_6531a6a81a7591bc88400d6a690fbf36 - INFO - Session created: 6531a6a81a7591bc88400d6a690fbf36
2024-11-21 17:49:48,475 - codemaster - INFO - SECURITY_EVENT: player_disconnect - Player at ('127.0.0.1', 50343) disconnected
2024-11-21 17:50:17,386 - main - INFO - SECURITY_EVENT: shutdown - Game shutdown initiated
2024-11-21 17:50:19,392 - main - INFO - SECURITY_EVENT: shutdown - Game shutdown complete
2024-11-21 17:59:27,530 - main - INFO - SECURITY_EVENT: logger_init - Logger initialized for main
2024-11-21 17:59:27,531 - main - INFO - SECURITY_EVENT: security_init - Security components initialized
2024-11-21 17:59:27,612 - codemaster - INFO - SECURITY_EVENT: logger_init - Logger initialized for codemaster
2024-11-21 17:59:27,613 - main - INFO - SECURITY_EVENT: codemaster_init - Codemaster initialized with sequence
2024-11-21 17:59:35,814 - session_659308fc197704c3451e4a12f281b888 - INFO - Session created: 659308fc197704c3451e4a12f281b888
2024-11-21 17:59:35,816 - codemaster - INFO - SECURITY_EVENT: player_disconnect - Player at ('127.0.0.1', 50515) disconnected
2024-11-21 17:59:48,002 - session_3a7c7a3a64acafa9d826d3e521b10a26 - INFO - Session created: 3a7c7a3a64acafa9d826d3e521b10a26
2024-11-21 17:59:48,003 - codemaster - INFO - SECURITY_EVENT: player_disconnect - Player at ('127.0.0.1', 50517) disconnected
2024-11-21 18:01:42,742 - main - INFO - SECURITY_EVENT: shutdown - Game shutdown initiated
2024-11-21 18:01:44,758 - main - INFO - SECURITY_EVENT: shutdown - Game shutdown complete
2024-11-21 18:02:47,107 - main - INFO - SECURITY_EVENT: logger_init - Logger initialized for main
2024-11-21 18:02:47,108 - main - INFO - SECURITY_EVENT: security_init - Security components initialized
2024-11-21 18:02:47,194 - codemaster - INFO - SECURITY_EVENT: logger_init - Logger initialized for codemaster
2024-11-21 18:02:47,195 - main - INFO - SECURITY_EVENT: codemaster_init - Codemaster initialized with sequence
2024-11-21 18:02:51,616 - session_59d95f8ece42af3215a3100b7b6c1483 - INFO - Session created: 59d95f8ece42af3215a3100b7b6c1483
2024-11-21 18:03:02,177 - session_8a7beca7d2a6906bb26515f306dd89a3 - INFO - Session created: 8a7beca7d2a6906bb26515f306dd89a3
2024-11-21 18:04:17,061 - codemaster - ERROR - SECURITY_ERROR: turn_processing_error - Extra data: line 1 column 149 (char 148)
2024-11-21 18:04:17,084 - codemaster - ERROR - SECURITY_ERROR: socket_error - [WinError 10053] An established connection was aborted by the software in your host machine
2024-11-21 18:04:17,084 - codemaster - ERROR - SECURITY_ERROR: turn_processing_error - [WinError 10053] An established connection was aborted by the software in your host machine
2024-11-21 18:04:17,085 - codemaster - INFO - SECURITY_EVENT: player_disconnect - Player at ('127.0.0.1', 50548) disconnected
2024-11-21 18:04:17,087 - codemaster - ERROR - SECURITY_ERROR: socket_error - [WinError 10053] An established connection was aborted by the software in your host machine
2024-11-21 18:04:17,087 - codemaster - INFO - SECURITY_EVENT: player_disconnect - Player at ('127.0.0.1', 50547) disconnected
2024-11-21 18:05:42,635 - main - INFO - SECURITY_EVENT: shutdown - Game shutdown initiated
2024-11-21 18:05:44,643 - main - INFO - SECURITY_EVENT: shutdown - Game shutdown complete
2024-11-21 18:05:49,691 - main - INFO - SECURITY_EVENT: logger_init - Logger initialized for main
2024-11-21 18:05:49,691 - main - INFO - SECURITY_EVENT: security_init - Security components initialized
2024-11-21 18:05:49,761 - codemaster - INFO - SECURITY_EVENT: logger_init - Logger initialized for codemaster
2024-11-21 18:05:49,762 - main - INFO - SECURITY_EVENT: codemaster_init - Codemaster initialized with sequence
2024-11-21 18:05:54,626 - session_db393771fdf348c50cb72abeb3f69238 - INFO - Session created: db393771fdf348c50cb72abeb3f69238
2024-11-21 18:06:08,447 - session_c6d9f267b6c371be69598c214e75b9c7 - INFO - Session created: c6d9f267b6c371be69598c214e75b9c7
2024-11-21 18:06:10,472 - codemaster - ERROR - SECURITY_ERROR: turn_processing_error - timed out
2024-11-21 18:06:56,120 - codemaster - ERROR - SECURITY_ERROR: turn_processing_error - timed out
2024-11-21 18:07:04,798 - codemaster - ERROR - SECURITY_ERROR: turn_processing_error - timed out
2024-11-21 18:07:13,488 - codemaster - ERROR - SECURITY_ERROR: turn_processing_error - timed out
2024-11-21 18:07:28,369 - codemaster - ERROR - SECURITY_ERROR: turn_processing_error - timed out
2024-11-21 18:07:30,914 - codemaster - ERROR - SECURITY_ERROR: turn_processing_error - timed out
2024-11-21 18:07:51,754 - codemaster - ERROR - SECURITY_ERROR: turn_processing_error - timed out
2024-11-21 18:07:57,846 - codemaster - ERROR - SECURITY_ERROR: turn_processing_error - timed out
2024-11-21 18:08:00,928 - codemaster - ERROR - SECURITY_ERROR: turn_processing_error - timed out
2024-11-21 18:08:05,029 - codemaster - ERROR - SECURITY_ERROR: turn_processing_error - timed out
2024-11-21 18:08:05,865 - main - INFO - SECURITY_EVENT: shutdown - Game shutdown initiated
2024-11-21 18:08:06,554 - codemaster - ERROR - SECURITY_ERROR: turn_processing_error - timed out
2024-11-21 18:08:07,868 - main - INFO - SECURITY_EVENT: shutdown - Game shutdown complete
