2024-11-21 16:47:35,222 - player_player2 - INFO - [6980] - SECURITY_EVENT: logger_init - Logger initialized for player_player2
2024-11-21 16:53:08,051 - player_player2 - ERROR - [6980] - SECURITY_ERROR: communication_error - timed out
2024-11-21 16:53:08,062 - player_player2 - INFO - [6980] - SECURITY_EVENT: session_end - Player player2 disconnected
2024-11-21 16:55:12,501 - player_player2 - INFO - [7260] - SECURITY_EVENT: logger_init - Logger initialized for player_player2
2024-11-21 16:58:32,433 - player_player2 - ERROR - [7260] - SECURITY_ERROR: communication_error - [WinError 10054] An existing connection was forcibly closed by the remote host
2024-11-21 16:58:32,435 - player_player2 - INFO - [7260] - SECURITY_EVENT: session_end - Player player2 disconnected
2024-11-21 16:58:42,355 - player_player2 - INFO - [9888] - SECURITY_EVENT: logger_init - Logger initialized for player_player2
2024-11-21 17:00:46,553 - player_player2 - ERROR - [9888] - SECURITY_ERROR: communication_error - [WinError 10054] An existing connection was forcibly closed by the remote host
2024-11-21 17:00:46,555 - player_player2 - INFO - [9888] - SECURITY_EVENT: session_end - Player player2 disconnected
2024-11-21 17:00:48,069 - player_player2 - INFO - [10340] - SECURITY_EVENT: logger_init - Logger initialized for player_player2
2024-11-21 17:37:52,899 - player_player2 - ERROR - [10340] - SECURITY_ERROR: communication_error - [WinError 10054] An existing connection was forcibly closed by the remote host
2024-11-21 17:37:52,909 - player_player2 - INFO - [10340] - SECURITY_EVENT: session_end - Player player2 disconnected
2024-11-21 17:38:05,419 - player_player2 - INFO - [7000] - SECURITY_EVENT: logger_init - Logger initialized for player_player2
2024-11-21 17:39:46,655 - player_player2 - ERROR - [7000] - SECURITY_ERROR: communication_error - [WinError 10054] An existing connection was forcibly closed by the remote host
2024-11-21 17:39:46,658 - player_player2 - INFO - [7000] - SECURITY_EVENT: session_end - Player player2 disconnected
2024-11-21 17:41:23,353 - player_player2 - INFO - [12448] - SECURITY_EVENT: logger_init - Logger initialized for player_player2
2024-11-21 17:43:05,394 - player_player2 - ERROR - [12448] - SECURITY_ERROR: communication_error - [WinError 10054] An existing connection was forcibly closed by the remote host
2024-11-21 17:43:05,396 - player_player2 - INFO - [12448] - SECURITY_EVENT: session_end - Player player2 disconnected
2024-11-21 17:43:14,878 - player_player2 - INFO - [11908] - SECURITY_EVENT: logger_init - Logger initialized for player_player2
2024-11-21 17:44:02,675 - player_player2 - ERROR - [11908] - SECURITY_ERROR: communication_error - Decryption failed: name 'base64' is not defined
2024-11-21 17:44:02,688 - player_player2 - INFO - [11908] - SECURITY_EVENT: session_end - Player player2 disconnected
