2024-11-16 03:45:39,693 - main - INFO - [14554] - SECURITY_EVENT: logger_init - Logger initialized for main
2024-11-16 03:45:40,031 - main - INFO - [14554] - SECURITY_EVENT: ca_init - Certification Authority initialized
2024-11-16 03:45:40,037 - main - INFO - [14554] - SECURITY_EVENT: thread_start - Codemaster thread started
2024-11-16 03:45:40,038 - main - INFO - [14554] - SECURITY_EVENT: thread_start - Player 1 thread started
2024-11-16 03:45:40,040 - main - INFO - [14554] - SECURITY_EVENT: thread_start - Player 2 thread started
2024-11-16 03:45:40,270 - main - ERROR - [14554] - SECURITY_ERROR: codemaster_error - name 'random' is not defined
2024-11-16 03:45:41,044 - main - ERROR - [14554] - SECURITY_ERROR: player_error - Player 2: [Errno 61] Connection refused
2024-11-16 03:45:41,044 - main - ERROR - [14554] - SECURITY_ERROR: player_error - Player 1: [Errno 61] Connection refused
2024-11-16 03:45:41,046 - main - INFO - [14554] - SECURITY_EVENT: shutdown - Game shutdown complete
2024-11-16 03:45:54,884 - main - INFO - [14573] - SECURITY_EVENT: logger_init - Logger initialized for main
2024-11-16 03:45:55,000 - main - INFO - [14573] - SECURITY_EVENT: ca_init - Certification Authority initialized
2024-11-16 03:45:55,000 - main - INFO - [14573] - SECURITY_EVENT: thread_start - Codemaster thread started
2024-11-16 03:45:55,001 - main - INFO - [14573] - SECURITY_EVENT: thread_start - Player 1 thread started
2024-11-16 03:45:55,003 - main - INFO - [14573] - SECURITY_EVENT: thread_start - Player 2 thread started
2024-11-16 03:45:55,594 - main - INFO - [14573] - SECURITY_EVENT: player_init - Player Player 2 initialized
2024-11-16 03:45:55,594 - main - ERROR - [14573] - SECURITY_ERROR: codemaster_error - name 'random' is not defined
2024-11-16 03:45:55,595 - main - INFO - [14573] - SECURITY_EVENT: player_init - Player Player 1 initialized
2024-11-16 03:45:55,601 - main - INFO - [14573] - SECURITY_EVENT: shutdown - Game shutdown complete
2024-11-16 03:47:47,974 - main - INFO - [14648] - SECURITY_EVENT: logger_init - Logger initialized for main
2024-11-16 03:47:48,128 - main - INFO - [14648] - SECURITY_EVENT: ca_init - Certification Authority initialized
2024-11-16 03:47:48,128 - main - INFO - [14648] - SECURITY_EVENT: thread_start - Codemaster thread started
2024-11-16 03:47:48,474 - main - INFO - [14648] - SECURITY_EVENT: codemaster_init - Codemaster initialized with sequence
2024-11-16 03:47:49,133 - main - INFO - [14648] - SECURITY_EVENT: thread_start - Player 1 thread started
2024-11-16 03:47:50,005 - main - INFO - [14648] - SECURITY_EVENT: thread_start - Player 2 thread started
2024-11-16 03:47:50,007 - main - INFO - [14648] - SECURITY_EVENT: player_init - Player Player 1 initialized
2024-11-16 03:47:50,296 - main - INFO - [14648] - SECURITY_EVENT: player_init - Player Player 2 initialized
2024-11-16 03:47:54,515 - main - INFO - [14648] - SECURITY_EVENT: shutdown - Game shutdown complete
2024-11-16 03:50:07,785 - main - INFO - [14718] - SECURITY_EVENT: logger_init - Logger initialized for main
2024-11-16 03:50:07,876 - main - INFO - [14718] - SECURITY_EVENT: ca_init - Certification Authority initialized
2024-11-16 03:50:08,066 - main - INFO - [14718] - SECURITY_EVENT: codemaster_init - Codemaster initialized with sequence
2024-11-16 04:13:48,517 - main - INFO - [14718] - SECURITY_EVENT: shutdown - Game shutdown initiated
2024-11-16 04:13:50,518 - main - INFO - [14718] - SECURITY_EVENT: shutdown - Game shutdown complete
2024-11-16 04:14:41,322 - main - INFO - [15570] - SECURITY_EVENT: logger_init - Logger initialized for main
2024-11-16 04:14:41,564 - main - INFO - [15570] - SECURITY_EVENT: ca_init - Certification Authority initialized
2024-11-16 04:14:41,821 - main - INFO - [15570] - SECURITY_EVENT: codemaster_init - Codemaster initialized with sequence
