2024-11-21 16:24:28,676 - player_player1 - INFO - [5376] - SECURITY_EVENT: logger_init - Logger initialized for player_player1
2024-11-21 16:24:38,682 - player_player1 - ERROR - [5376] - SECURITY_ERROR: handshake_failed - timed out
2024-11-21 16:24:38,684 - player_player1 - ERROR - [5376] - SECURITY_ERROR: connection_failed - Failed to establish secure connection
2024-11-21 16:24:38,684 - player_player1 - INFO - [5376] - SECURITY_EVENT: session_end - Player player1 disconnected
2024-11-21 16:31:21,066 - player_player1 - INFO - [13196] - SECURITY_EVENT: logger_init - Logger initialized for player_player1
2024-11-21 16:32:09,617 - player_player1 - ERROR - [13196] - SECURITY_ERROR: communication_error - Object of type bytes is not JSON serializable
2024-11-21 16:32:09,622 - player_player1 - INFO - [13196] - SECURITY_EVENT: session_end - Player player1 disconnected
2024-11-21 16:41:54,025 - player_player1 - INFO - [12240] - SECURITY_EVENT: logger_init - Logger initialized for player_player1
2024-11-21 16:42:16,177 - player_player1 - ERROR - [12240] - SECURITY_ERROR: communication_error - [WinError 10054] An existing connection was forcibly closed by the remote host
2024-11-21 16:42:16,178 - player_player1 - INFO - [12240] - SECURITY_EVENT: session_end - Player player1 disconnected
2024-11-21 16:43:27,125 - player_player1 - INFO - [11412] - SECURITY_EVENT: logger_init - Logger initialized for player_player1
2024-11-21 16:43:34,194 - player_player1 - INFO - [11412] - SECURITY_EVENT: session_end - Player player1 disconnected
2024-11-21 16:46:55,203 - player_player1 - INFO - [8124] - SECURITY_EVENT: logger_init - Logger initialized for player_player1
2024-11-21 16:58:35,991 - player_player1 - INFO - [6900] - SECURITY_EVENT: logger_init - Logger initialized for player_player1
2024-11-21 16:59:16,791 - player_player1 - ERROR - [6900] - SECURITY_ERROR: communication_error - timed out
2024-11-21 16:59:16,793 - player_player1 - INFO - [6900] - SECURITY_EVENT: session_end - Player player1 disconnected
2024-11-21 17:00:42,362 - player_player1 - INFO - [12180] - SECURITY_EVENT: logger_init - Logger initialized for player_player1
2024-11-21 17:01:01,833 - player_player1 - ERROR - [12180] - SECURITY_ERROR: communication_error - Decryption failed: argument 'data': from_buffer() cannot return the address of a unicode object
2024-11-21 17:01:01,838 - player_player1 - INFO - [12180] - SECURITY_EVENT: session_end - Player player1 disconnected
2024-11-21 17:37:55,979 - player_player1 - INFO - [3784] - SECURITY_EVENT: logger_init - Logger initialized for player_player1
2024-11-21 17:38:45,056 - player_player1 - ERROR - [3784] - SECURITY_ERROR: communication_error - timed out
2024-11-21 17:38:45,058 - player_player1 - INFO - [3784] - SECURITY_EVENT: session_end - Player player1 disconnected
2024-11-21 17:41:21,265 - player_player1 - INFO - [3356] - SECURITY_EVENT: logger_init - Logger initialized for player_player1
2024-11-21 17:41:58,947 - player_player1 - ERROR - [3356] - SECURITY_ERROR: communication_error - timed out
2024-11-21 17:41:58,949 - player_player1 - INFO - [3356] - SECURITY_EVENT: session_end - Player player1 disconnected
2024-11-21 17:43:13,456 - player_player1 - INFO - [14072] - SECURITY_EVENT: logger_init - Logger initialized for player_player1
2024-11-21 17:43:28,484 - player_player1 - ERROR - [14072] - SECURITY_ERROR: communication_error - Decryption failed: name 'base64' is not defined
2024-11-21 17:43:28,490 - player_player1 - INFO - [14072] - SECURITY_EVENT: session_end - Player player1 disconnected
2024-11-21 17:44:05,340 - player_player1 - INFO - [11616] - SECURITY_EVENT: logger_init - Logger initialized for player_player1
2024-11-21 17:45:00,339 - player_player1 - ERROR - [11616] - SECURITY_ERROR: communication_error - [WinError 10054] An existing connection was forcibly closed by the remote host
2024-11-21 17:45:00,341 - player_player1 - INFO - [11616] - SECURITY_EVENT: session_end - Player player1 disconnected
