2024-11-21 16:24:24,089 - main - INFO - [12924] - SECURITY_EVENT: logger_init - Logger initialized for main
2024-11-21 16:24:24,123 - main - INFO - [12924] - SECURITY_EVENT: ca_init - Certification Authority initialized
2024-11-21 16:24:24,218 - main - INFO - [12924] - SECURITY_EVENT: codemaster_init - Codemaster initialized with sequence
2024-11-21 16:31:06,821 - main - INFO - [12924] - SECURITY_EVENT: shutdown - Game shutdown initiated
2024-11-21 16:31:08,825 - main - INFO - [12924] - SECURITY_EVENT: shutdown - Game shutdown complete
2024-11-21 16:31:14,398 - main - INFO - [16808] - SECURITY_EVENT: logger_init - Logger initialized for main
2024-11-21 16:31:14,433 - main - INFO - [16808] - SECURITY_EVENT: ca_init - Certification Authority initialized
2024-11-21 16:31:14,583 - main - INFO - [16808] - SECURITY_EVENT: codemaster_init - Codemaster initialized with sequence
2024-11-21 16:41:06,882 - main - INFO - [16808] - SECURITY_EVENT: shutdown - Game shutdown initiated
2024-11-21 16:41:08,888 - main - INFO - [16808] - SECURITY_EVENT: shutdown - Game shutdown complete
2024-11-21 16:41:13,068 - main - INFO - [11332] - SECURITY_EVENT: logger_init - Logger initialized for main
2024-11-21 16:41:13,069 - main - INFO - [11332] - SECURITY_EVENT: security_init - Security components initialized
2024-11-21 16:41:13,169 - main - ERROR - [11332] - SECURITY_ERROR: codemaster_error - name 'random' is not defined
2024-11-21 16:41:13,174 - main - INFO - [11332] - SECURITY_EVENT: shutdown - Game shutdown complete
2024-11-21 16:41:32,457 - main - INFO - [16992] - SECURITY_EVENT: logger_init - Logger initialized for main
2024-11-21 16:41:32,457 - main - INFO - [16992] - SECURITY_EVENT: security_init - Security components initialized
2024-11-21 16:41:32,511 - main - INFO - [16992] - SECURITY_EVENT: codemaster_init - Codemaster initialized with sequence
2024-11-21 16:42:13,832 - main - INFO - [16992] - SECURITY_EVENT: shutdown - Game shutdown initiated
2024-11-21 16:42:15,832 - main - INFO - [16992] - SECURITY_EVENT: shutdown - Game shutdown complete
2024-11-21 16:43:21,432 - main - INFO - [9892] - SECURITY_EVENT: logger_init - Logger initialized for main
2024-11-21 16:43:21,432 - main - INFO - [9892] - SECURITY_EVENT: security_init - Security components initialized
2024-11-21 16:43:21,458 - main - INFO - [9892] - SECURITY_EVENT: codemaster_init - Codemaster initialized with sequence
2024-11-21 16:46:44,196 - main - INFO - [9892] - SECURITY_EVENT: shutdown - Game shutdown initiated
2024-11-21 16:46:46,202 - main - INFO - [9892] - SECURITY_EVENT: shutdown - Game shutdown complete
2024-11-21 16:46:47,474 - main - INFO - [5716] - SECURITY_EVENT: logger_init - Logger initialized for main
2024-11-21 16:46:47,475 - main - INFO - [5716] - SECURITY_EVENT: security_init - Security components initialized
2024-11-21 16:46:47,514 - main - INFO - [5716] - SECURITY_EVENT: codemaster_init - Codemaster initialized with sequence
2024-11-21 16:55:01,234 - main - INFO - [5716] - SECURITY_EVENT: shutdown - Game shutdown initiated
2024-11-21 16:55:03,237 - main - INFO - [5716] - SECURITY_EVENT: shutdown - Game shutdown complete
2024-11-21 16:55:06,247 - main - INFO - [11332] - SECURITY_EVENT: logger_init - Logger initialized for main
2024-11-21 16:55:06,248 - main - INFO - [11332] - SECURITY_EVENT: security_init - Security components initialized
2024-11-21 16:55:06,284 - main - INFO - [11332] - SECURITY_EVENT: codemaster_init - Codemaster initialized with sequence
2024-11-21 16:56:11,854 - main - INFO - [11332] - SECURITY_EVENT: shutdown - Game shutdown initiated
2024-11-21 16:56:13,858 - main - INFO - [11332] - SECURITY_EVENT: shutdown - Game shutdown complete
2024-11-21 16:57:03,269 - main - INFO - [2528] - SECURITY_EVENT: logger_init - Logger initialized for main
2024-11-21 16:57:03,269 - main - INFO - [2528] - SECURITY_EVENT: security_init - Security components initialized
2024-11-21 16:57:03,365 - main - INFO - [2528] - SECURITY_EVENT: codemaster_init - Codemaster initialized with sequence
2024-11-21 16:57:05,290 - main - INFO - [2528] - SECURITY_EVENT: shutdown - Game shutdown initiated
2024-11-21 16:57:07,312 - main - INFO - [2528] - SECURITY_EVENT: shutdown - Game shutdown complete
2024-11-21 16:58:17,047 - main - INFO - [7476] - SECURITY_EVENT: logger_init - Logger initialized for main
2024-11-21 16:58:17,048 - main - INFO - [7476] - SECURITY_EVENT: security_init - Security components initialized
2024-11-21 16:58:17,130 - main - INFO - [7476] - SECURITY_EVENT: codemaster_init - Codemaster initialized with sequence
2024-11-21 17:00:34,310 - main - INFO - [7476] - SECURITY_EVENT: shutdown - Game shutdown initiated
2024-11-21 17:00:36,316 - main - INFO - [7476] - SECURITY_EVENT: shutdown - Game shutdown complete
2024-11-21 17:00:38,955 - main - INFO - [5856] - SECURITY_EVENT: logger_init - Logger initialized for main
2024-11-21 17:00:38,955 - main - INFO - [5856] - SECURITY_EVENT: security_init - Security components initialized
2024-11-21 17:00:38,989 - main - INFO - [5856] - SECURITY_EVENT: codemaster_init - Codemaster initialized with sequence
2024-11-21 17:37:27,030 - main - INFO - [5856] - SECURITY_EVENT: shutdown - Game shutdown initiated
2024-11-21 17:37:29,032 - main - INFO - [5856] - SECURITY_EVENT: shutdown - Game shutdown complete
2024-11-21 17:37:30,489 - main - INFO - [11468] - SECURITY_EVENT: logger_init - Logger initialized for main
2024-11-21 17:37:30,490 - main - INFO - [11468] - SECURITY_EVENT: security_init - Security components initialized
2024-11-21 17:37:30,560 - main - INFO - [11468] - SECURITY_EVENT: codemaster_init - Codemaster initialized with sequence
2024-11-21 17:37:39,585 - main - INFO - [11468] - SECURITY_EVENT: shutdown - Game shutdown initiated
2024-11-21 17:37:41,591 - main - INFO - [11468] - SECURITY_EVENT: shutdown - Game shutdown complete
2024-11-21 17:37:44,491 - main - INFO - [4300] - SECURITY_EVENT: logger_init - Logger initialized for main
2024-11-21 17:37:44,491 - main - INFO - [4300] - SECURITY_EVENT: security_init - Security components initialized
2024-11-21 17:37:44,521 - main - INFO - [4300] - SECURITY_EVENT: codemaster_init - Codemaster initialized with sequence
2024-11-21 17:39:44,635 - main - INFO - [4300] - SECURITY_EVENT: shutdown - Game shutdown initiated
2024-11-21 17:39:46,640 - main - INFO - [4300] - SECURITY_EVENT: shutdown - Game shutdown complete
2024-11-21 17:41:14,428 - main - INFO - [15712] - SECURITY_EVENT: logger_init - Logger initialized for main
2024-11-21 17:41:14,428 - main - INFO - [15712] - SECURITY_EVENT: security_init - Security components initialized
2024-11-21 17:41:14,460 - main - INFO - [15712] - SECURITY_EVENT: codemaster_init - Codemaster initialized with sequence
2024-11-21 17:43:03,370 - main - INFO - [15712] - SECURITY_EVENT: shutdown - Game shutdown initiated
2024-11-21 17:43:05,379 - main - INFO - [15712] - SECURITY_EVENT: shutdown - Game shutdown complete
2024-11-21 17:43:08,511 - main - INFO - [12228] - SECURITY_EVENT: logger_init - Logger initialized for main
2024-11-21 17:43:08,511 - main - INFO - [12228] - SECURITY_EVENT: security_init - Security components initialized
2024-11-21 17:43:08,541 - main - INFO - [12228] - SECURITY_EVENT: codemaster_init - Codemaster initialized with sequence
2024-11-21 17:44:55,537 - main - INFO - [12228] - SECURITY_EVENT: shutdown - Game shutdown initiated
2024-11-21 17:44:55,538 - main - INFO - [12228] - SECURITY_EVENT: shutdown - Game shutdown complete
2024-11-21 17:45:09,281 - main - INFO - [7776] - SECURITY_EVENT: logger_init - Logger initialized for main
2024-11-21 17:45:09,282 - main - INFO - [7776] - SECURITY_EVENT: security_init - Security components initialized
2024-11-21 17:45:09,338 - main - INFO - [7776] - SECURITY_EVENT: codemaster_init - Codemaster initialized with sequence
2024-11-21 17:47:01,334 - main - INFO - [7776] - SECURITY_EVENT: shutdown - Game shutdown initiated
2024-11-21 17:47:03,347 - main - INFO - [7776] - SECURITY_EVENT: shutdown - Game shutdown complete
2024-11-21 17:49:08,731 - main - INFO - [15956] - SECURITY_EVENT: logger_init - Logger initialized for main
2024-11-21 17:49:08,731 - main - INFO - [15956] - SECURITY_EVENT: security_init - Security components initialized
2024-11-21 17:49:08,819 - main - INFO - [15956] - SECURITY_EVENT: codemaster_init - Codemaster initialized with sequence
2024-11-21 17:50:17,386 - main - INFO - [15956] - SECURITY_EVENT: shutdown - Game shutdown initiated
2024-11-21 17:50:19,392 - main - INFO - [15956] - SECURITY_EVENT: shutdown - Game shutdown complete
2024-11-21 17:59:27,530 - main - INFO - [14580] - SECURITY_EVENT: logger_init - Logger initialized for main
2024-11-21 17:59:27,531 - main - INFO - [14580] - SECURITY_EVENT: security_init - Security components initialized
2024-11-21 17:59:27,613 - main - INFO - [14580] - SECURITY_EVENT: codemaster_init - Codemaster initialized with sequence
2024-11-21 18:01:42,742 - main - INFO - [14580] - SECURITY_EVENT: shutdown - Game shutdown initiated
2024-11-21 18:01:44,758 - main - INFO - [14580] - SECURITY_EVENT: shutdown - Game shutdown complete
2024-11-21 18:02:47,107 - main - INFO - [11596] - SECURITY_EVENT: logger_init - Logger initialized for main
2024-11-21 18:02:47,108 - main - INFO - [11596] - SECURITY_EVENT: security_init - Security components initialized
2024-11-21 18:02:47,195 - main - INFO - [11596] - SECURITY_EVENT: codemaster_init - Codemaster initialized with sequence
2024-11-21 18:05:42,635 - main - INFO - [11596] - SECURITY_EVENT: shutdown - Game shutdown initiated
2024-11-21 18:05:44,643 - main - INFO - [11596] - SECURITY_EVENT: shutdown - Game shutdown complete
2024-11-21 18:05:49,691 - main - INFO - [14496] - SECURITY_EVENT: logger_init - Logger initialized for main
2024-11-21 18:05:49,691 - main - INFO - [14496] - SECURITY_EVENT: security_init - Security components initialized
2024-11-21 18:05:49,762 - main - INFO - [14496] - SECURITY_EVENT: codemaster_init - Codemaster initialized with sequence
2024-11-21 18:08:05,865 - main - INFO - [14496] - SECURITY_EVENT: shutdown - Game shutdown initiated
2024-11-21 18:08:07,868 - main - INFO - [14496] - SECURITY_EVENT: shutdown - Game shutdown complete
